  Box.cpp
D:\Programming and School\Visual Studio Files\Game1017_A2_SeredaSimon\GameFundamentals Game\GAME1007_SDLTemplate\Box.h(4,10): fatal error C1083: Cannot open include file: 'SDL.h': No such file or directory
  Button.cpp
D:\Programming and School\Visual Studio Files\Game1017_A2_SeredaSimon\GameFundamentals Game\GAME1007_SDLTemplate\Engine.h(5,10): fatal error C1083: Cannot open include file: 'SDL.h': No such file or directory
  CollisionManager.cpp
D:\Programming and School\Visual Studio Files\Game1017_A2_SeredaSimon\GameFundamentals Game\GAME1007_SDLTemplate\CollisionManager.h(6,10): fatal error C1083: Cannot open include file: 'SDL.h': No such file or directory
  Engine.cpp
D:\Programming and School\Visual Studio Files\Game1017_A2_SeredaSimon\GameFundamentals Game\GAME1007_SDLTemplate\Engine.h(5,10): fatal error C1083: Cannot open include file: 'SDL.h': No such file or directory
  EventManager.cpp
D:\Programming and School\Visual Studio Files\Game1017_A2_SeredaSimon\GameFundamentals Game\GAME1007_SDLTemplate\EventManager.h(5,10): fatal error C1083: Cannot open include file: 'SDL.h': No such file or directory
  GameState.cpp
D:\Programming and School\Visual Studio Files\Game1017_A2_SeredaSimon\GameFundamentals Game\GAME1007_SDLTemplate\Box.h(4,10): fatal error C1083: Cannot open include file: 'SDL.h': No such file or directory
  LoseState.cpp
D:\Programming and School\Visual Studio Files\Game1017_A2_SeredaSimon\GameFundamentals Game\GAME1007_SDLTemplate\States.h(7,10): fatal error C1083: Cannot open include file: 'SDL_mixer.h': No such file or directory
  Main.cpp
D:\Programming and School\Visual Studio Files\Game1017_A2_SeredaSimon\GameFundamentals Game\GAME1007_SDLTemplate\Main.cpp(10,10): fatal error C1083: Cannot open include file: 'SDL.h': No such file or directory
  MathManager.cpp
D:\Programming and School\Visual Studio Files\Game1017_A2_SeredaSimon\GameFundamentals Game\GAME1007_SDLTemplate\MathManager.h(7,10): fatal error C1083: Cannot open include file: 'SDL.h': No such file or directory
  MenuState.cpp
D:\Programming and School\Visual Studio Files\Game1017_A2_SeredaSimon\GameFundamentals Game\GAME1007_SDLTemplate\States.h(7,10): fatal error C1083: Cannot open include file: 'SDL_mixer.h': No such file or directory
  PauseState.cpp
D:\Programming and School\Visual Studio Files\Game1017_A2_SeredaSimon\GameFundamentals Game\GAME1007_SDLTemplate\States.h(7,10): fatal error C1083: Cannot open include file: 'SDL_mixer.h': No such file or directory
  Player.cpp
D:\Programming and School\Visual Studio Files\Game1017_A2_SeredaSimon\GameFundamentals Game\GAME1007_SDLTemplate\GameObject.h(5,10): fatal error C1083: Cannot open include file: 'SDL.h': No such file or directory
  SoundManager.cpp
D:\Programming and School\Visual Studio Files\Game1017_A2_SeredaSimon\GameFundamentals Game\GAME1007_SDLTemplate\SoundManager.h(8,10): fatal error C1083: Cannot open include file: 'SDL_mixer.h': No such file or directory
  StateManager.cpp
D:\Programming and School\Visual Studio Files\Game1017_A2_SeredaSimon\GameFundamentals Game\GAME1007_SDLTemplate\States.h(7,10): fatal error C1083: Cannot open include file: 'SDL_mixer.h': No such file or directory
  States.cpp
D:\Programming and School\Visual Studio Files\Game1017_A2_SeredaSimon\GameFundamentals Game\GAME1007_SDLTemplate\States.h(7,10): fatal error C1083: Cannot open include file: 'SDL_mixer.h': No such file or directory
  TextureManager.cpp
D:\Programming and School\Visual Studio Files\Game1017_A2_SeredaSimon\GameFundamentals Game\GAME1007_SDLTemplate\TextureManager.h(7,10): fatal error C1083: Cannot open include file: 'SDL.h': No such file or directory
  WinState.cpp
D:\Programming and School\Visual Studio Files\Game1017_A2_SeredaSimon\GameFundamentals Game\GAME1007_SDLTemplate\States.h(7,10): fatal error C1083: Cannot open include file: 'SDL_mixer.h': No such file or directory
  Generating Code...
